Execution Stack = {(bool a;(int v;(a=true;((IF(a) THEN(v=2)ELSE(v=3));print(v)))))}
Symbols Table = {}
Output List = {}
File Table = {}
====================>
Execution Stack = {bool a|(int v;(a=true;((IF(a) THEN(v=2)ELSE(v=3));print(v))))}
Symbols Table = {}
Output List = {}
File Table = {}
====================>
Execution Stack = {(int v;(a=true;((IF(a) THEN(v=2)ELSE(v=3));print(v))))}
Symbols Table = {a->false}
Output List = {}
File Table = {}
====================>
Execution Stack = {int v|(a=true;((IF(a) THEN(v=2)ELSE(v=3));print(v)))}
Symbols Table = {a->false}
Output List = {}
File Table = {}
====================>
Execution Stack = {(a=true;((IF(a) THEN(v=2)ELSE(v=3));print(v)))}
Symbols Table = {a->false, v->0}
Output List = {}
File Table = {}
====================>
Execution Stack = {a=true|((IF(a) THEN(v=2)ELSE(v=3));print(v))}
Symbols Table = {a->false, v->0}
Output List = {}
File Table = {}
====================>
Execution Stack = {((IF(a) THEN(v=2)ELSE(v=3));print(v))}
Symbols Table = {a->true, v->0}
Output List = {}
File Table = {}
====================>
Execution Stack = {(IF(a) THEN(v=2)ELSE(v=3))|print(v)}
Symbols Table = {a->true, v->0}
Output List = {}
File Table = {}
====================>
Execution Stack = {v=2|print(v)}
Symbols Table = {a->true, v->0}
Output List = {}
File Table = {}
====================>
Execution Stack = {print(v)}
Symbols Table = {a->true, v->2}
Output List = {}
File Table = {}
====================>
Execution Stack = {}
Symbols Table = {a->true, v->2}
Output List = {2}
File Table = {}
====================>
