ID = 1
Execution Stack = 
bool b
int c
b=true
c= (b) ? 100 : 200
print(c)
c= (false) ? 100 : 200
print(c)

Symbols Table = {}
Output List = {}
File Table = {}
Heap = {}
Semaphore Table = {}
====================>


ID = 1
Execution Stack = 
bool b
int c
b=true
c= (b) ? 100 : 200
print(c)
c= (false) ? 100 : 200
print(c)

Symbols Table = {}
Output List = {}
File Table = {}
Heap = {}
Semaphore Table = {}
====================>


ID = 1
Execution Stack = 
bool b
int c
b=true
c= (b) ? 100 : 200
print(c)
c= (false) ? 100 : 200
print(c)

Symbols Table = {}
Output List = {}
File Table = {}
Heap = {}
Semaphore Table = {}
====================>


ID = 1
Execution Stack = 
int c
b=true
c= (b) ? 100 : 200
print(c)
c= (false) ? 100 : 200
print(c)

Symbols Table = {b->false}
Output List = {}
File Table = {}
Heap = {}
Semaphore Table = {}
====================>


ID = 1
Execution Stack = 
int c
b=true
c= (b) ? 100 : 200
print(c)
c= (false) ? 100 : 200
print(c)

Symbols Table = {b->false}
Output List = {}
File Table = {}
Heap = {}
Semaphore Table = {}
====================>


ID = 1
Execution Stack = 
int c
b=true
c= (b) ? 100 : 200
print(c)
c= (false) ? 100 : 200
print(c)

Symbols Table = {b->false}
Output List = {}
File Table = {}
Heap = {}
Semaphore Table = {}
====================>


ID = 1
Execution Stack = 
int c
b=true
c= (b) ? 100 : 200
print(c)
c= (false) ? 100 : 200
print(c)

Symbols Table = {b->false}
Output List = {}
File Table = {}
Heap = {}
Semaphore Table = {}
====================>


ID = 1
Execution Stack = 
b=true
c= (b) ? 100 : 200
print(c)
c= (false) ? 100 : 200
print(c)

Symbols Table = {b->false, c->0}
Output List = {}
File Table = {}
Heap = {}
Semaphore Table = {}
====================>


ID = 1
Execution Stack = 
b=true
c= (b) ? 100 : 200
print(c)
c= (false) ? 100 : 200
print(c)

Symbols Table = {b->false, c->0}
Output List = {}
File Table = {}
Heap = {}
Semaphore Table = {}
====================>


ID = 1
Execution Stack = 
b=true
c= (b) ? 100 : 200
print(c)
c= (false) ? 100 : 200
print(c)

Symbols Table = {b->false, c->0}
Output List = {}
File Table = {}
Heap = {}
Semaphore Table = {}
====================>


ID = 1
Execution Stack = 
b=true
c= (b) ? 100 : 200
print(c)
c= (false) ? 100 : 200
print(c)

Symbols Table = {b->false, c->0}
Output List = {}
File Table = {}
Heap = {}
Semaphore Table = {}
====================>


ID = 1
Execution Stack = 
c= (b) ? 100 : 200
print(c)
c= (false) ? 100 : 200
print(c)

Symbols Table = {b->true, c->0}
Output List = {}
File Table = {}
Heap = {}
Semaphore Table = {}
====================>


ID = 1
Execution Stack = 
c= (b) ? 100 : 200
print(c)
c= (false) ? 100 : 200
print(c)

Symbols Table = {b->true, c->0}
Output List = {}
File Table = {}
Heap = {}
Semaphore Table = {}
====================>


ID = 1
Execution Stack = 
c= (b) ? 100 : 200
print(c)
c= (false) ? 100 : 200
print(c)

Symbols Table = {b->true, c->0}
Output List = {}
File Table = {}
Heap = {}
Semaphore Table = {}
====================>


ID = 1
Execution Stack = 
c= (b) ? 100 : 200
print(c)
c= (false) ? 100 : 200
print(c)

Symbols Table = {b->true, c->0}
Output List = {}
File Table = {}
Heap = {}
Semaphore Table = {}
====================>


ID = 1
Execution Stack = 
(IF(b) THEN(c=100)ELSE(c=200))
print(c)
c= (false) ? 100 : 200
print(c)

Symbols Table = {b->true, c->0}
Output List = {}
File Table = {}
Heap = {}
Semaphore Table = {}
====================>


ID = 1
Execution Stack = 
(IF(b) THEN(c=100)ELSE(c=200))
print(c)
c= (false) ? 100 : 200
print(c)

Symbols Table = {b->true, c->0}
Output List = {}
File Table = {}
Heap = {}
Semaphore Table = {}
====================>


ID = 1
Execution Stack = 
c=100
print(c)
c= (false) ? 100 : 200
print(c)

Symbols Table = {b->true, c->0}
Output List = {}
File Table = {}
Heap = {}
Semaphore Table = {}
====================>


ID = 1
Execution Stack = 
c=100
print(c)
c= (false) ? 100 : 200
print(c)

Symbols Table = {b->true, c->0}
Output List = {}
File Table = {}
Heap = {}
Semaphore Table = {}
====================>


ID = 1
Execution Stack = 
print(c)
c= (false) ? 100 : 200
print(c)

Symbols Table = {b->true, c->100}
Output List = {}
File Table = {}
Heap = {}
Semaphore Table = {}
====================>


ID = 1
Execution Stack = 
print(c)
c= (false) ? 100 : 200
print(c)

Symbols Table = {b->true, c->100}
Output List = {}
File Table = {}
Heap = {}
Semaphore Table = {}
====================>


ID = 1
Execution Stack = 
print(c)
c= (false) ? 100 : 200
print(c)

Symbols Table = {b->true, c->100}
Output List = {}
File Table = {}
Heap = {}
Semaphore Table = {}
====================>


ID = 1
Execution Stack = 
print(c)
c= (false) ? 100 : 200
print(c)

Symbols Table = {b->true, c->100}
Output List = {}
File Table = {}
Heap = {}
Semaphore Table = {}
====================>


ID = 1
Execution Stack = 
c= (false) ? 100 : 200
print(c)

Symbols Table = {b->true, c->100}
Output List = {100}
File Table = {}
Heap = {}
Semaphore Table = {}
====================>


ID = 1
Execution Stack = 
c= (false) ? 100 : 200
print(c)

Symbols Table = {b->true, c->100}
Output List = {100}
File Table = {}
Heap = {}
Semaphore Table = {}
====================>


ID = 1
Execution Stack = 
c= (false) ? 100 : 200
print(c)

Symbols Table = {b->true, c->100}
Output List = {100}
File Table = {}
Heap = {}
Semaphore Table = {}
====================>


ID = 1
Execution Stack = 
c= (false) ? 100 : 200
print(c)

Symbols Table = {b->true, c->100}
Output List = {100}
File Table = {}
Heap = {}
Semaphore Table = {}
====================>


ID = 1
Execution Stack = 
(IF(false) THEN(c=100)ELSE(c=200))
print(c)

Symbols Table = {b->true, c->100}
Output List = {100}
File Table = {}
Heap = {}
Semaphore Table = {}
====================>


ID = 1
Execution Stack = 
(IF(false) THEN(c=100)ELSE(c=200))
print(c)

Symbols Table = {b->true, c->100}
Output List = {100}
File Table = {}
Heap = {}
Semaphore Table = {}
====================>


ID = 1
Execution Stack = 
c=200
print(c)

Symbols Table = {b->true, c->100}
Output List = {100}
File Table = {}
Heap = {}
Semaphore Table = {}
====================>


ID = 1
Execution Stack = 
c=200
print(c)

Symbols Table = {b->true, c->100}
Output List = {100}
File Table = {}
Heap = {}
Semaphore Table = {}
====================>


ID = 1
Execution Stack = 
print(c)

Symbols Table = {b->true, c->200}
Output List = {100}
File Table = {}
Heap = {}
Semaphore Table = {}
====================>


ID = 1
Execution Stack = 
print(c)

Symbols Table = {b->true, c->200}
Output List = {100}
File Table = {}
Heap = {}
Semaphore Table = {}
====================>


ID = 1
Execution Stack = 
(EMPTY)
Symbols Table = {b->true, c->200}
Output List = {100,200}
File Table = {}
Heap = {}
Semaphore Table = {}
====================>


